\BOOKMARK [0][]{bookmark.0.cover.0}{Cover page}{}% 1
\BOOKMARK [0][]{bookmark.0.contents.0}{Contents}{}% 2
\BOOKMARK [0][]{chapter*.2}{List of Figures}{}% 3
\BOOKMARK [0][]{chapter.1}{1 Introduction}{}% 4
\BOOKMARK [1][-]{section.1.1}{1.1 Why Positioning?}{chapter.1}% 5
\BOOKMARK [1][-]{section.1.2}{1.2 Motivation}{chapter.1}% 6
\BOOKMARK [1][-]{section.1.3}{1.3 Indoor Positioning}{chapter.1}% 7
\BOOKMARK [1][-]{section.1.4}{1.4 Bluetooth Low Energy}{chapter.1}% 8
\BOOKMARK [2][-]{subsection.1.4.1}{1.4.1 Different types of BLE}{section.1.4}% 9
\BOOKMARK [1][-]{section.1.5}{1.5 Problem}{chapter.1}% 10
\BOOKMARK [1][-]{section.1.6}{1.6 Goal of the thesis}{chapter.1}% 11
\BOOKMARK [1][-]{section.1.7}{1.7 Research question: if could be added}{chapter.1}% 12
\BOOKMARK [1][-]{section.1.8}{1.8 Outline of the thesis}{chapter.1}% 13
\BOOKMARK [0][]{chapter.2}{2 Related work or Location Fingerprinting}{}% 14
\BOOKMARK [1][-]{section.2.1}{2.1 Data Analysis of RSSI values}{chapter.2}% 15
\BOOKMARK [1][-]{section.2.2}{2.2 Positioning Algorithms}{chapter.2}% 16
\BOOKMARK [1][-]{section.2.3}{2.3 Bayesian Filtering}{chapter.2}% 17
\BOOKMARK [1][-]{section.2.4}{2.4 Gaussian Processes}{chapter.2}% 18
\BOOKMARK [0][]{chapter.3}{3 Gaussian Process for Indoor Positioning}{}% 19
\BOOKMARK [0][]{chapter.4}{4 Methods \046 Materials}{}% 20
\BOOKMARK [0][]{chapter.5}{5 Discussions}{}% 21
\BOOKMARK [0][]{chapter.6}{6 Conclusion}{}% 22
\BOOKMARK [0][]{chapter.7}{7 Future Work}{}% 23
